%!Adobe-FontList 1.22
%Locale:0x422

%BeginFont
Handler:DirectoryHandler
FontType:Type1
FontName:EucerinaWGL-Light
FamilyName:Eucerina WGL
StyleName:Light
FullName:Eucerina WGL Light
MenuName:Eucerina WGL Light
StyleBits:0
WritingScript:Roman
OutlineFileName:C:\Users\maksym.tkachuk\Desktop\210331_23472_eMail_EADO Folder\Document fonts\EucerinaWGL-Light.otf
DataFormat:sfntData
UsesStandardEncoding:yes
isCFF:yes
hasSVG:no
VariableFontType:NonVariableFont
FileLength:96384
FileModTime:1573214090
WeightClass:300
WidthClass:5
AngleClass:0
NameArray:0,Mac,4,Eucerina WGL Light
NameArray:0,Win,1,Eucerina WGL Light
NameArray:0,Win,16,Eucerina WGL
%EndFont

%BeginFont
Handler:DirectoryHandler
FontType:Type1
FontName:EucerinaWGL-Regular
FamilyName:Eucerina WGL
StyleName:Regular
FullName:Eucerina WGL Regular
MenuName:Eucerina WGL
StyleBits:0
WritingScript:Roman
OutlineFileName:C:\Users\maksym.tkachuk\Desktop\210331_23472_eMail_EADO Folder\Document fonts\EucerinaWGL-Regular.otf
DataFormat:sfntData
UsesStandardEncoding:yes
isCFF:yes
hasSVG:no
VariableFontType:NonVariableFont
FileLength:93560
FileModTime:1573214090
WeightClass:400
WidthClass:5
AngleClass:0
NameArray:0,Mac,4,Eucerina WGL Regular
NameArray:0,Win,1,Eucerina WGL
%EndFont

%BeginFont
Handler:DirectoryHandler
FontType:TrueType
FontName:ArialMT
FamilyName:Arial
StyleName:Regular
FullName:Arial
MenuName:Arial
StyleBits:0
WritingScript:Roman
OutlineFileName:C:\Users\maksym.tkachuk\Desktop\210331_23472_eMail_EADO Folder\Document fonts\arial.ttf
DataFormat:sfntData
hasSVG:no
VariableFontType:NonVariableFont
FileLength:1036584
FileModTime:1575709708
WeightClass:400
WidthClass:5
AngleClass:0
NameArray:0,Mac,4,Arial
NameArray:0,Win,1,Arial
%EndFont

%BeginFont
Handler:DirectoryHandler
FontType:TrueType
FontName:Arial-BoldMT
FamilyName:Arial
StyleName:Bold
FullName:Arial Bold
MenuName:Arial
StyleBits:2
WritingScript:Roman
OutlineFileName:C:\Users\maksym.tkachuk\Desktop\210331_23472_eMail_EADO Folder\Document fonts\arialbd.ttf
DataFormat:sfntData
hasSVG:no
VariableFontType:NonVariableFont
FileLength:980756
FileModTime:1575709708
WeightClass:700
WidthClass:5
AngleClass:0
NameArray:0,Mac,4,Arial Bold
NameArray:0,Win,1,Arial
%EndFont

%BeginFont
Handler:DirectoryHandler
FontType:TrueType
FontName:Arial-ItalicMT
FamilyName:Arial
StyleName:Italic
FullName:Arial Italic
MenuName:Arial
StyleBits:1
WritingScript:Roman
OutlineFileName:C:\Users\maksym.tkachuk\Desktop\210331_23472_eMail_EADO Folder\Document fonts\ariali.ttf
DataFormat:sfntData
hasSVG:no
VariableFontType:NonVariableFont
FileLength:717428
FileModTime:1575709708
WeightClass:400
WidthClass:5
AngleClass:1
NameArray:0,Mac,4,Arial Italic
NameArray:0,Win,1,Arial
%EndFont

